2024-02-07T11:52:28.2695307Z ##[group]Run docker ps  
2024-02-07T11:52:28.2695811Z [36;1mdocker ps  [0m
2024-02-07T11:52:28.2696090Z [36;1mdocker compose down[0m
2024-02-07T11:52:28.2696573Z [36;1mdocker container stop $(docker image ls -aq)[0m
2024-02-07T11:52:28.2696984Z [36;1mdocker ps  [0m
2024-02-07T11:52:28.2697233Z [36;1mdocker image ls[0m
2024-02-07T11:52:28.2697682Z [36;1mdocker rmi $(docker images 'docusaurus-1r1sjc-docusaurus' -a -q)[0m
2024-02-07T11:52:28.2698191Z [36;1mdocker image ls[0m
2024-02-07T11:52:28.2698463Z [36;1mdocker compose up -d[0m
2024-02-07T11:52:28.2776192Z shell: C:\Windows\System32\WindowsPowerShell\v1.0\powershell.EXE -command ". '{0}'"
2024-02-07T11:52:28.2776700Z ##[endgroup]
2024-02-07T11:52:28.5273846Z CONTAINER ID   IMAGE                          COMMAND                  CREATED        STATUS        PORTS                                                                                                         NAMES
2024-02-07T11:52:28.5275556Z b404d555ff67   docusaurus-1r1sjc-docusaurus   "docker-entrypoint.s…"   18 hours ago   Up 18 hours   0.0.0.0:3000->3000/tcp, 0.0.0.0:35729->35729/tcp                                                              docusaurus-1r1sjc-docusaurus-1
2024-02-07T11:52:28.5276829Z e0871c37d3ee   preprotocolo-preprotocolo      "sh -c 'bash ./scrip…"   18 hours ago   Up 18 hours   0.0.0.0:8000->8000/tcp                                                                                        preprotocolo-preprotocolo-1
2024-02-07T11:52:28.5278774Z c173d1758a61   rabbitmq:management            "docker-entrypoint.s…"   18 hours ago   Up 18 hours   4369/tcp, 5671/tcp, 0.0.0.0:5672->5672/tcp, 15671/tcp, 15691-15692/tcp, 25672/tcp, 0.0.0.0:15672->15672/tcp   preprotocolo-rabbitmq-1
2024-02-07T11:52:28.8747439Z  Container docusaurus-1r1sjc-docusaurus-1  Stopping
2024-02-07T11:52:29.5061192Z  Container docusaurus-1r1sjc-docusaurus-1  Stopped
2024-02-07T11:52:29.5061816Z  Container docusaurus-1r1sjc-docusaurus-1  Removing
2024-02-07T11:52:29.5310080Z  Container docusaurus-1r1sjc-docusaurus-1  Removed
2024-02-07T11:52:29.5358389Z  Network docusaurus-1r1sjc_default  Removing
2024-02-07T11:52:29.7852746Z  Network docusaurus-1r1sjc_default  Removed
2024-02-07T11:52:30.0078949Z Error response from daemon: No such container: d8acb513f94a
2024-02-07T11:52:30.0079542Z Error response from daemon: No such container: 4258e4949133
2024-02-07T11:52:30.0080093Z Error response from daemon: No such container: 931b0e282b37
2024-02-07T11:52:30.0080607Z Error response from daemon: No such container: 5a24c4745e87
2024-02-07T11:52:30.0081083Z Error response from daemon: No such container: 150345f7e130
2024-02-07T11:52:30.0081568Z Error response from daemon: No such container: 908b04856102
2024-02-07T11:52:30.1041172Z CONTAINER ID   IMAGE                       COMMAND                  CREATED        STATUS        PORTS                                                                                                         NAMES
2024-02-07T11:52:30.1042900Z e0871c37d3ee   preprotocolo-preprotocolo   "sh -c 'bash ./scrip…"   18 hours ago   Up 18 hours   0.0.0.0:8000->8000/tcp                                                                                        preprotocolo-preprotocolo-1
2024-02-07T11:52:30.1045050Z c173d1758a61   rabbitmq:management         "docker-entrypoint.s…"   18 hours ago   Up 18 hours   4369/tcp, 5671/tcp, 0.0.0.0:5672->5672/tcp, 15671/tcp, 15691-15692/tcp, 25672/tcp, 0.0.0.0:15672->15672/tcp   preprotocolo-rabbitmq-1
2024-02-07T11:52:30.2072388Z REPOSITORY                                                                                   TAG          IMAGE ID       CREATED        SIZE
2024-02-07T11:52:30.2073281Z preprotocolo-preprotocolo                                                                    latest       d8acb513f94a   18 hours ago   1GB
2024-02-07T11:52:30.2074122Z docusaurus-1r1sjc-docusaurus                                                                 latest       4258e4949133   5 days ago     1.28GB
2024-02-07T11:52:30.2074649Z ghcr.io/puppeteer/puppeteer                                                                  latest       931b0e282b37   13 days ago    2.02GB
2024-02-07T11:52:30.2077579Z vsc-projeto-ruda-c42af17c4f027cecb4489690813791b66498bee9348598beb842b56fd54ba1d1-features   latest       5a24c4745e87   7 weeks ago    1.02GB
2024-02-07T11:52:30.2078682Z mcr.microsoft.com/devcontainers/base                                                         jammy        150345f7e130   2 months ago   675MB
2024-02-07T11:52:30.2079371Z rabbitmq                                                                                     management   908b04856102   8 months ago   246MB
2024-02-07T11:52:30.4105998Z Untagged: docusaurus-1r1sjc-docusaurus:latest
2024-02-07T11:52:30.4106482Z Deleted: sha256:4258e4949133440fbfde808ca6f1fa2653cd17b32f355b1248337a3a93ccf7fa
2024-02-07T11:52:30.5106768Z REPOSITORY                                                                                   TAG          IMAGE ID       CREATED        SIZE
2024-02-07T11:52:30.5107780Z preprotocolo-preprotocolo                                                                    latest       d8acb513f94a   18 hours ago   1GB
2024-02-07T11:52:30.5108585Z ghcr.io/puppeteer/puppeteer                                                                  latest       931b0e282b37   13 days ago    2.02GB
2024-02-07T11:52:30.5109914Z vsc-projeto-ruda-c42af17c4f027cecb4489690813791b66498bee9348598beb842b56fd54ba1d1-features   latest       5a24c4745e87   7 weeks ago    1.02GB
2024-02-07T11:52:30.5112969Z mcr.microsoft.com/devcontainers/base                                                         jammy        150345f7e130   2 months ago   675MB
2024-02-07T11:52:30.5113669Z rabbitmq                                                                                     management   908b04856102   8 months ago   246MB
2024-02-07T11:52:31.1924096Z 2024/02/07 08:52:31 http2: server: error reading preface from client //./pipe/docker_engine: file has already been closed
2024-02-07T11:52:31.4682698Z #0 building with "default" instance using docker driver
2024-02-07T11:52:31.4683097Z 
2024-02-07T11:52:31.4683415Z #1 [docusaurus internal] load build definition from Dockerfile
2024-02-07T11:52:31.4683824Z #1 transferring dockerfile: 194B done
2024-02-07T11:52:31.4684048Z #1 DONE 0.0s
2024-02-07T11:52:31.4684149Z 
2024-02-07T11:52:31.4684362Z #2 [docusaurus internal] load metadata for docker.io/library/node:lts
2024-02-07T11:52:32.7635632Z #2 DONE 1.5s
2024-02-07T11:52:32.9085258Z 
2024-02-07T11:52:32.9085644Z #3 [docusaurus internal] load .dockerignore
2024-02-07T11:52:32.9086213Z #3 transferring context: 63B done
2024-02-07T11:52:32.9086505Z #3 DONE 0.0s
2024-02-07T11:52:32.9086618Z 
2024-02-07T11:52:32.9087050Z #4 [docusaurus 1/5] FROM docker.io/library/node:lts@sha256:fd0115473b293460df5b217ea73ff216928f2b0bb7650c5e7aa56aae4c028426
2024-02-07T11:52:32.9087606Z #4 DONE 0.0s
2024-02-07T11:52:32.9087724Z 
2024-02-07T11:52:32.9087840Z #5 [docusaurus internal] load build context
2024-02-07T11:52:32.9088093Z #5 transferring context: 437.76kB 0.0s done
2024-02-07T11:52:32.9088288Z #5 DONE 0.0s
2024-02-07T11:52:32.9088374Z 
2024-02-07T11:52:32.9088451Z #6 [docusaurus 2/5] WORKDIR /app/website
2024-02-07T11:52:32.9088811Z #6 CACHED
2024-02-07T11:52:32.9088886Z 
2024-02-07T11:52:32.9088957Z #7 [docusaurus 3/5] COPY ./docs /app/docs
2024-02-07T11:52:32.9089162Z #7 DONE 0.1s
2024-02-07T11:52:33.1257517Z 
2024-02-07T11:52:33.1258348Z #8 [docusaurus 4/5] COPY ./website /app/website
2024-02-07T11:52:33.1258862Z #8 DONE 0.1s
2024-02-07T11:52:33.1259019Z 
2024-02-07T11:52:33.1259168Z #9 [docusaurus 5/5] RUN yarn install
2024-02-07T11:52:33.6368449Z #9 0.670 yarn install v1.22.19
2024-02-07T11:52:33.8361414Z #9 0.687 warning package.json: No license field
2024-02-07T11:52:33.8361913Z #9 0.700 info No lockfile found.
2024-02-07T11:52:33.8362187Z #9 0.706 warning No license field
2024-02-07T11:52:33.8362488Z #9 0.708 [1/4] Resolving packages..