2024-02-07T11:57:57.1519616Z Current runner version: '2.312.0'
2024-02-07T11:57:57.1526424Z Runner name: 'DELL-035'
2024-02-07T11:57:57.1526797Z Runner group name: 'Default'
2024-02-07T11:57:57.1527339Z Machine name: 'DELL-035'
2024-02-07T11:57:57.1529781Z ##[group]GITHUB_TOKEN Permissions
2024-02-07T11:57:57.1531273Z Contents: read
2024-02-07T11:57:57.1531556Z Metadata: read
2024-02-07T11:57:57.1531845Z ##[endgroup]
2024-02-07T11:57:57.1534114Z Secret source: Actions
2024-02-07T11:57:57.1534432Z Prepare workflow directory
2024-02-07T11:57:57.2298453Z Prepare all required actions
2024-02-07T11:57:57.2425264Z Getting action download info
2024-02-07T11:57:57.5522190Z Download action repository 'actions/checkout@v3' (SHA:f43a0e5ff2bd294095638e18286ca9a3d1956744)
2024-02-07T11:57:58.4943381Z Complete job name: build
2024-02-07T11:57:58.6097946Z ##[group]Run actions/checkout@v3
2024-02-07T11:57:58.6098353Z with:
2024-02-07T11:57:58.6098638Z   repository: ruthmira-1risjc/Docusaurus-1r1sjc
2024-02-07T11:57:58.6099205Z   token: ***
2024-02-07T11:57:58.6099472Z   ssh-strict: true
2024-02-07T11:57:58.6099688Z   persist-credentials: true
2024-02-07T11:57:58.6099929Z   clean: true
2024-02-07T11:57:58.6100135Z   sparse-checkout-cone-mode: true
2024-02-07T11:57:58.6100408Z   fetch-depth: 1
2024-02-07T11:57:58.6100609Z   fetch-tags: false
2024-02-07T11:57:58.6100805Z   lfs: false
2024-02-07T11:57:58.6100995Z   submodules: false
2024-02-07T11:57:58.6101225Z   set-safe-directory: true
2024-02-07T11:57:58.6101475Z ##[endgroup]
2024-02-07T11:57:58.8386452Z Syncing repository: ruthmira-1risjc/Docusaurus-1r1sjc
2024-02-07T11:57:58.8387942Z ##[group]Getting Git version info
2024-02-07T11:57:58.8388744Z Working directory is 'C:\Users\ruth.silva\Desktop\Docusaurus-1r1sjc\actions-runner\_work\Docusaurus-1r1sjc\Docusaurus-1r1sjc'
2024-02-07T11:57:58.8408899Z [command]"C:\Program Files\Git\cmd\git.exe" version
2024-02-07T11:57:58.8702732Z git version 2.43.0.windows.1
2024-02-07T11:57:58.8767496Z ##[endgroup]
2024-02-07T11:57:58.8810660Z Copying 'C:\Users\ruth.silva\.gitconfig' to 'C:\Users\ruth.silva\Desktop\Docusaurus-1r1sjc\actions-runner\_work\_temp\ff9d1d5a-3418-4ec7-88a8-6a50f422be0b\.gitconfig'
2024-02-07T11:57:58.8853159Z Temporarily overriding HOME='C:\Users\ruth.silva\Desktop\Docusaurus-1r1sjc\actions-runner\_work\_temp\ff9d1d5a-3418-4ec7-88a8-6a50f422be0b' before making global git config changes
2024-02-07T11:57:58.8854659Z Adding repository directory to the temporary git global config as a safe directory
2024-02-07T11:57:58.8867809Z [command]"C:\Program Files\Git\cmd\git.exe" config --global --add safe.directory C:\Users\ruth.silva\Desktop\Docusaurus-1r1sjc\actions-runner\_work\Docusaurus-1r1sjc\Docusaurus-1r1sjc
2024-02-07T11:57:58.9369747Z [command]"C:\Program Files\Git\cmd\git.exe" config --local --get remote.origin.url
2024-02-07T11:57:58.9633525Z https://github.com/ruthmira-1risjc/Docusaurus-1r1sjc
2024-02-07T11:57:58.9687070Z ##[group]Removing previously created refs, to avoid conflicts
2024-02-07T11:57:58.9692085Z [command]"C:\Program Files\Git\cmd\git.exe" rev-parse --symbolic-full-name --verify --quiet HEAD
2024-02-07T11:57:58.9930314Z refs/heads/main
2024-02-07T11:57:58.9959756Z [command]"C:\Program Files\Git\cmd\git.exe" checkout --detach
2024-02-07T11:57:59.0376548Z HEAD is now at e7cac63 Update python-app.yml
2024-02-07T11:57:59.0981687Z ##[endgroup]
2024-02-07T11:57:59.0988277Z [command]"C:\Program Files\Git\cmd\git.exe" submodule status
2024-02-07T11:57:59.7329099Z ##[group]Cleaning the repository
2024-02-07T11:57:59.7337269Z [command]"C:\Program Files\Git\cmd\git.exe" clean -ffdx
2024-02-07T11:57:59.7659262Z Removing website/i18n/
2024-02-07T11:57:59.7714252Z [command]"C:\Program Files\Git\cmd\git.exe" reset --hard HEAD
2024-02-07T11:57:59.8060729Z HEAD is now at e7cac63 Update python-app.yml
2024-02-07T11:57:59.8101643Z ##[endgroup]
2024-02-07T11:57:59.8110160Z ##[group]Disabling automatic garbage collection
2024-02-07T11:57:59.8119913Z [command]"C:\Program Files\