[2024-02-07 11:52:21Z INFO HostContext] No proxy settings were found based on environmental variables (http_proxy/https_proxy/HTTP_PROXY/HTTPS_PROXY)
[2024-02-07 11:52:21Z INFO HostContext] Well known directory 'Bin': 'C:\Users\ruth.silva\Desktop\Docusaurus-1r1sjc\actions-runner\bin'
[2024-02-07 11:52:21Z INFO HostContext] Well known directory 'Root': 'C:\Users\ruth.silva\Desktop\Docusaurus-1r1sjc\actions-runner'
[2024-02-07 11:52:21Z INFO HostContext] Well known config file 'Credentials': 'C:\Users\ruth.silva\Desktop\Docusaurus-1r1sjc\actions-runner\.credentials'
[2024-02-07 11:52:21Z INFO HostContext] Well known directory 'Bin': 'C:\Users\ruth.silva\Desktop\Docusaurus-1r1sjc\actions-runner\bin'
[2024-02-07 11:52:21Z INFO HostContext] Well known directory 'Root': 'C:\Users\ruth.silva\Desktop\Docusaurus-1r1sjc\actions-runner'
[2024-02-07 11:52:21Z INFO HostContext] Well known config file 'Runner': 'C:\Users\ruth.silva\Desktop\Docusaurus-1r1sjc\actions-runner\.runner'
[2024-02-07 11:52:21Z INFO Worker] Version: 2.312.0
[2024-02-07 11:52:21Z INFO Worker] Commit: 1615de2f78ce16935be95ace79d35ed22b0837be
[2024-02-07 11:52:21Z INFO Worker] Culture: pt-BR
[2024-02-07 11:52:21Z INFO Worker] UI Culture: pt-BR
[2024-02-07 11:52:21Z INFO Worker] Waiting to receive the job message from the channel.
[2024-02-07 11:52:21Z INFO ProcessChannel] Receiving message of length 23547, with hash '4cb06ee65e4ccbbfc2f78560c72d0778accd49ac9e35e6c628ca3b9a4c86cbf5'
[2024-02-07 11:52:21Z INFO Worker] Message received.
[2024-02-07 11:52:22Z INFO Worker] Job message:
 {
  "fileTable": [
    ".github/workflows/python-app.yml"
  ],
  "mask": [
    {
      "type": "regex",
      "value": "***"
    },
    {
      "type": "regex",
      "value": "***"
    },
    {
      "type": "regex",
      "value": "***"
    },
    {
      "type": "regex",
      "value": "***"
    },
    {
      "type": "regex",
      "value": "***"
    },
    {
      "type": "regex",
      "value": "***"
    },
    {
      "type": "regex",
      "value": "***"
    },
    {
      "type": "regex",
      "value": "***"
    },
    {
      "type": "regex",
      "value": "***"
    },
    {
      "type": "regex",
      "value": "***"
    },
    {
      "type": "regex",
      "value": "***"
    },
    {
      "type": "regex",
      "value": "***"
    },
    {
      "type": "regex",
      "value": "***"
    },
    {
      "type": "regex",
      "value": "***"
    },
    {
      "type": "regex",
      "value": "***"
    },
    {
      "type": "regex",
      "value": "***"
    },
    {
      "type": "regex",
      "value": "***"
    },
    {
      "type": "regex",
      "value": "***"
    },
    {
      "type": "regex",
      "value": "***"
    }
  ],
  "steps": [
    {
      "type": "action",
      "reference": {
        "type": "repository",
        "name": "actions/checkout",
        "ref": "v3",
        "repositoryType": "GitHub",
        "path": ""
      },
      "contextName": "__actions_checkout",
      "condition": "success()",
      "id": "a60052d4-79a0-5821-3eeb-84adb9872c5b",
      "name": "__actions_checkout"
    },
    {
      "type": "action",
      "reference": {
        "type": "script"
      },
      "displayNameToken": {
        "type": 0,
        "file": 1,
        "line": 23,
        "col": 13,
        "lit": "Executa o código"
      },
      "contextName": "__run",
      "inputs": {
        "type": 2,
        "map": [
          {
            "key": "script",
            "value": {
              "type": 0,
              "file": 1,
              "line": 24,
              "col": 12,
              "lit": "docker ps  \ndocker compose down\ndocker container stop $(docker image ls -aq)\ndocker ps  \ndocker image ls\ndocker rmi $(docker images 'docusaurus-1r1sjc-docusaurus' -a -q)\ndocker image ls\ndocker compose up -d\n"
            }
          }
        ]
      },
      "condition": "success()",
      "id": "dd23db01-cff6-57a4-373a-5c8097a97333",
      "name": "__run"
    }
  ],
  "variables": {
    "system.isScheduled": {
      "value": "False"
    },
    "system.servertype": {
      "value": "Hosted"
    },
    "system.culture": {
      "value": ""
    },
    "system.pipelineStartTime": {
      "value": "2024-02-07 11:52:19+00:00"
    },
    "system.runner.lowdiskspacethreshold": {
      "value": "100"
    },
    "DistributedTask.NewActionMetadata": {
      "value": "true"
    },
    "DistributedTask.EnableCompositeActions": {
      "value": "true"
    },
    "DistributedTask.EnhancedAnnotations": {
      "value": "true"
    },
    "DistributedTask.UploadStepSummary": {
      "value": "true"
    },
    "DistributedTask.ForceGithubJavascriptActionsToNode16": {
      "value": "true"
    },
    "DistributedTask.AddWarningToNode12Action": {
      "value": "true"
    },
    "DistributedTask.AddWarningToNode16Action": {
      "value": "true"
    },
    "DistributedTask.LogTemplateErrorsAsDebugMessages": {
      "value": "true"
    },
    "DistributedTask.AllowRunnerContainerHooks": {
      "value": "true"
    },
    "DistributedTask.DeprecateStepOutputCommands": {
      "value": "true"
    },
    "Actions.EnableHttpRedirects": {
      "value": "true"
    },
    "DistributedTask.UseActionArchiveCache": {
      "value": "true"
    },
    "DistributedTask.UseWhich2": {
      "value": "true"
    },
    "DistributedTask.DetailUntarFailure": {
      "value": "true"
    },
    "DistributedTask.EnableJobServerQueueTelemetry": {
      "value": "true"
    },
    "DistributedTask.MarkJobAsFailedOnWorkerCrash": {
      "value": "true"
    },
    "system.teamProjectId": {
      "value": "00000000-0000-0000-0000-000000000000"
    },
    "build.buildId": {
      "value": "2"
    },
    "build.containerId": {
      "value": "34610562"
    },
    "system.workflowFilePath": {
      "value": ".github/workflows/python-app.yml"
    },
    "system.phaseDisplayName": {
      "value": "build"
    },
    "system.phaseId": {
      "value": "6884a131-87da-5381-61f3-d7acc3b91d76"
    },
    "system.phaseName": {
      "value": "build"
    },
    "system.phaseAttempt": {
      "value": "1"
    },
    "system.jobIdentifier": {
      "value": "build.__default"
    },
    "system.jobAttempt": {
      "value": "1"
    },
    "System.JobPositionInPhase": {
      "value": "1"
    },
    "System.TotalJobsInPhase": {
      "value": "1"
    },
    "system.github.job": {
      "value": "build"
    },
    "system.jobDisplayName": {
      "value": "build"
    },
    "system.jobId": {
      "value": "ca395085-040a-526b-2ce8-bdc85f692774"
    },
    "system.jobName": {
      "value": "__default"
    },
    "system.github.token.permissions": {
      "value": "{\"Contents\":\"read\",\"Metadata\":\"read\"}"
    },
    "system.github.token": {
      "value": "***",
      "isSecret": true
    },
    "system.runnerEnvironment": {
      "value": "self-hosted"
    },
    "system.github.results_endpoint": {
      "value": "https://results-receiver.actions.githubusercontent.com/"
    },
    "system.github.results_upload_with_sdk": {
      "value": "True"
    },
    "system.orchestrationId": {
      "value": "93384a33-2ac6-4b61-9537-0b08735bf7a7.build.__default"
    },
    "system.runnerGroupName": {
      "value": "Default"
    }
  },
  "messageType": "PipelineAgentJobRequest",
  "plan": {
    "scopeIdentifier": "00000000-0000-0000-0000-000000000000",
    "planType": "Actions",
    "version": 37,
    "planId": "93384a33-2ac6-4b61-9537-0b08735bf7a7",
    "planGroup": "Actions:00000000-0000-0000-0000-000000000000:1",
    "artifactUri": "vstfs:///Build/Build/2",
    "artifactLocation": null,
    "definition": {
      "_links": {},
      "id": 3,
      "name": "Docusaurus-1r1sjc"
    },
    "owner": {
      "_links": {},
      "id": 3,
      "name": "ruthmira-1risjc"
    }
  },
  "timeline": {
    "id": "93384a33-2ac6-4b61-9537-0b08735bf7a7",
    "changeId": 0,
    "location": null
  },
  "jobId": "ca395085-040a-526b-2ce8-bdc85f692774",
  "jobDisplayName": "build",
  "jobName": "__default",
  "requestId": 2,
  "lockedUntil": "0001-01-01T00:00:00",
  "resources": {
    "endpoints": [
      {
        "data": {
          "ServerId": "98038de4-9f4e-4252-8e3b-037596ab0179",
          "ServerName": "nbX0GPznmMAyw9n07ciobAmRR2gYdwqMzr6aBkg4R4L6Sae553",
          "CacheServerUrl": "https://acghubeus1.actions.githubusercontent.com/nbX0GPznmMAyw9n07ciobAmRR2gYdwqMzr6aBkg4R4L6Sae553/",
          "FeedStreamUrl": "https://results-receiver.actions.githubusercontent.com/_ws/ingest.sock",
          "ResultsServiceUrl": "https://results-receiver.actions.githubusercontent.com/",
          "ConnectivityChecks": "[\"https://acghubeus0.actions.githubusercontent.com/_apis/health\",\"https://results-receiver.actions.githubusercontent.com/health\",\"https://actions-results-receiver-production.githubapp.com/health\",\"https://pipelinesghubeus25.actions.githubusercontent.com/_apis/health\"]"
        },
        "name": "SystemVssConnection",
        "url": "https://pipelinesghubeus25.actions.githubusercontent.com/nbX0GPznmMAyw9n07ciobAmRR2gYdwqMzr6aBkg4R4L6Sae553/",
        "authorization": {
          "parameters": {
            "AccessToken": ***
          },
          "scheme": "OAuth"
        },
        "isShared": false,
        "isReady": true
      }
    ]
  },
  "contextData": {
    "github": {
      "t": 2,
      "d": [
        {
          "k": "ref",
          "v": "refs/heads/main"
        },
        {
          "k": "sha",
          "v": "e7cac634cd5bf7e87de0767e8d55952f396d53d2"
        },
        {
          "k": "repository",
          "v": "ruthmira-1risjc/Docusaurus-1r1sjc"
        },
        {
          "k": "repository_owner",
          "v": "ruthmira-1risjc"
        },
        {
          "k": "repository_owner_id",
          "v": "152284068"
        },
        {
          "k": "repositoryUrl",
          "v": "git://github.com/ruthmira-1risjc/Docusaurus-1r1sjc.git"
        },
        {
          "k": "run_id",
          "v": "7804573530"
        },
        {
          "k": "run_number",
          "v": "2"
        },
        {
          "k": "retention_days",
          "v": "90"
        },
        {
          "k": "run_attempt",
          "v": "1"
        },
        {
          "k": "artifact_cache_size_limit",
          "v": "10"
        },
        {
          "k": "repository_visibility",
          "v": "public"
        },
        {
          "k": "repo-self-hosted-runners-disabled",
          "v": false
        },
        {
          "k": "enterprise-managed-business-id",
          "v": ""
        },
        {
          "k": "repository_id",
          "v": "751519949"
        },
        {
          "k": "actor_id",
          "v": "152284068"
        },
        {
          "k": "actor",
          "v": "ruthmira-1risjc"
        },
        {
          "k": "triggering_actor",
          "v": "ruthmira-1risjc"
        },
        {
          "k": "workflow",
          "v": "Python application"
        },
        {
          "k": "head_ref",
          "v": ""
        },
        {
          "k": "base_ref",
          "v": ""
        },
        {
          "k": "event_name",
          "v": "push"
        },
        {
          "k": "event",
          "v": {
            "t": 2,
            "d": [
              {
                "k": "after",
                "v": "e7cac634cd5bf7e87de0767e8d55952f396d53d2"
              },
              {
                "k": "base_ref",
                "v": null
              },
              {
                "k": "before",
                "v": "766cd782f916e5fd98df2c4fcd358abbe5aba840"
              },
              {
                "k": "commits",
                "v": {
                  "t": 1,
                  "a": [
                    {
                      "t": 2,
                      "d": [
                        {
                          "k": "author",
                          "v": {
                            "t": 2,
                            "d": [
                              {
                                "k": "email",
                                "v": "152284068+ruthmira-1risjc@users.noreply.github.com"
                              },
                              {
                                "k": "name",
                                "v": "ruthmira-1risjc"
                              },
                              {
                                "k": "username",
                                "v": "ruthmira-1risjc"
                              }
                            ]
                          }
                        },
                        {
                          "k": "committer",
                          "v": {
                            "t": 2,
                            "d": [
                              {
                                "k": "email",
                                "v": "noreply@github.com"
                              },
                              {
                                "k": "name",
                                "v": "GitHub"
                              },
                              {
                                "k": "username",
                                "v": "web-flow"
                              }
                            ]
                          }
                        },
                        {
                          "k": "distinct",
                          "v": true
                        },
                        {
                          "k": "id",
                          "v": "e7cac634cd5bf7e87de0767e8d55952f396d53d2"
                        },
                        {
                          "k": "message",
                          "v": "Update python-app.yml"
                        },
                        {
                          "k": "timestamp",
                          "v": "2024-02-06T15:45:00-03:00"
                        },
                        {
                          "k": "tree_id",
                          "v": "0e9f05ed609a3809e110b5bfebc3e3f6b10fdbb5"
                        },
                        {
                          "k": "url",
                          "v": "https://github.com/ruthmira-1risjc/Docusaurus-1r1sjc/commit/e7cac634cd5bf7e87de0767e8d55952f396d53d2"
                        }
                      ]
                    }
                  ]
                }
              },
              {
                "k": "compare",
                "v": "https://github.com/ruthmira-1risjc/Docusaurus-1r1sjc/compare/766cd782f916...e7cac634cd5b"
              },
              {
                "k": "created",
                "v": false
              },
              {
                "k": "deleted",
                "v": false
              },
              {
                "k": "forced",
                "v": false
              },
              {
                "k": "head_commit",
                "v": {
                  "t": 2,
                  "d": [
                    {
                      "k": "author",
                      "v": {
                        "t": 2,
                        "d": [
                          {
                            "k": "email",
                            "v": "152284068+ruthmira-1risjc@users.noreply.github.com"
                          },
                          {
                            "k": "name",
                            "v": "ruthmira-1risjc"
                          },
                          {
                            "k": "username",
                            "v": "ruthmira-1risjc"
                          }
                        ]
                      }
                    },
                    {
                      "k": "committer",
                      "v": {
                        "t": 2,
                        "d": [
                          {
                            "k": "email",
                            "v": "noreply@github.com"
                          },
                          {
                            "k": "name",
                            "v": "GitHub"
                          },
                          {
                            "k": "username",
                            "v": "web-flow"
                          }
                        ]
                      }
                    },
                    {
                      "k": "distinct",
                      "v": true
                    },
                    {
                      "k": "id",
                      "v": "e7cac634cd5bf7e87de0767e8d55952f396d53d2"
                    },
                    {
                      "k": "message",
                      "v": "Update python-app.yml"
                    },
                    {
                      "k": "timestamp",
                      "v": "2024-02-06T15:45:00-03:00"
                    },
                    {
                      "k": "tree_id",
                      "v": "0e9f05ed609a3809e110b5bfebc3e3f6b10fdbb5"
                    },
                    {
                      "k": "url",
                      "v": "https://github.com/ruthmira-1risjc/Docusaurus-1r1sjc/commit/e7cac634cd5bf7e87de0767e8d55952f396d53d2"
                    }
                  ]
                }
              },
              {
                "k": "pusher",
                "v": {
                  "t": 2,
                  "d": [
                    {
                      "k": "email",
                      "v": "152284068+ruthmira-1risjc@users.noreply.github.com"
                    },
                    {
                      "k": "name",
                      "v": "ruthmira-1risjc"
                    }
                  ]
                }
              },
              {
                "k": "ref",
                "v": "refs/heads/main"
              },
              {
                "k": "repository",
                "v": {
                  "t": 2,
                  "d": [
                    {
                      "k": "allow_forking",
                      "v": true
                    },
                    {
                      "k": "archive_url",
                      "v": "https://api.github.com/repos/ruthmira-1risjc/Docusaurus-1r1sjc/{archive_format}{/ref}"
                    },
                    {
                      "k": "archived",
                      "v": false
                    },
                    {
                      "k": "assignees_url",
                      "v": "https://api.github.com/repos/ruthmira-1risjc/Docusaurus-1r1sjc/assignees{/user}"
                    },
                    {
                      "k": "blobs_url",
                      "v": "https://api.github.com/repos/ruthmira-1risjc/Docusaurus-1r1sjc/git/blobs{/sha}"
                    },
                    {
                      "k": "branches_url",
                      "v": "https://api.github.com/repos/ruthmira-1risjc/Docusaurus-1r1sjc/branches{/branch}"
                    },
                    {
                      "k": "clone_url",
                      "v": "https://github.com/ruthmira-1risjc/Docusaurus-1r1sjc.git"
                    },
                    {
                      "k": "collaborators_url",
                      "v": "https://api.github.com/repos/ruthmira-1risjc/Docusaurus-1r1sjc/collaborators{/collaborator}"
                    },
                    {
                      "k": "comments_url",
                      "v": "https://api.github.com/repos/ruthmira-1risjc/Docusaurus-1r1sjc/comments{/number}"
                    },
                    {
                      "k": "commits_url",
                      "v": "https://api.github.com/repos/ruthmira-1risjc/Docusaurus-1r1sjc/commits{/sha}"
                    },
                    {
                      "k": "compare_url",
                      "v": "https://api.github.com/repos/ruthmira-1risjc/Docusaurus-1r1sjc/compare/{base}...{head}"
                    },
                    {
                      "k": "contents_url",
                      "v": "https://api.github.com/repos/ruthmira-1risjc/Docusaurus-1r1sjc/contents/{+path}"
                    },
                    {
                      "k": "contributors_url",
                      "v": "https://api.github.com/repos/ruthmira-1risjc/Docusaurus-1r1sjc/contributors"
                    },
                    {
                      "k": "created_at",
                      "v": 1706814743.0
                    },
                    {
                      "k": "default_branch",
                      "v": "main"
                    },
                    {
                      "k": "deployments_url",
                      "v": "https://api.github.com/repos/ruthmira-1risjc/Docusaurus-1r1sjc/deployments"
                    },
                    {
                      "k": "description",
                      "v": null
                    },
                    {
                      "k": "disabled",
                      "v": false
                    },
                    {
                      "k": "downloads_url",
                      "v": "https://api.github.com/repos/ruthmira-1risjc/Docusaurus-1r1sjc/downloads"
                    },
                    {
                      "k": "events_url",
                      "v": "https://api.github.com/repos/ruthmira-1risjc/Docusaurus-1r1sjc/events"
                    },
                    {
                      "k": "fork",
                      "v": false
                    },
                    {
                      "k": "forks",
                      "v": 0.0
                    },
                    {
                      "k": "forks_count",
                      "v": 0.0
                    },
                    {
                      "k": "forks_url",
                      "v": "https://api.github.com/repos/ruthmira-1risjc/Docusaurus-1r1sjc/forks"
                    },
                    {
                      "k": "full_name",
                      "v": "ruthmira-1risjc/Docusaurus-1r1sjc"
                    },
                    {
                      "k": "git_commits_url",
                      "v": "https://api.github.com/repos/ruthmira-1risjc/Docusaurus-1r1sjc/git/commits{/sha}"
                    },
                    {
                      "k": "git_refs_url",
                      "v": "https://api.github.com/repos/ruthmira-1risjc/Docusaurus-1r1sjc/git/refs{/sha}"
                    },
                    {
                      "k": "git_tags_url",
                      "v": "https://api.github.com/repos/ruthmira-1risjc/Docusaurus-1r1sjc/git/tags{/sha}"
                    },
                    {
                      "k": "git_url",
                      "v": "git://github.com/ruthmira-1risjc/Docusaurus-1r1sjc.git"
                    },
                    {
                      "k": "has_discussions",
                      "v": false
                    },
                    {
                      "k": "has_downloads",
                      "v": true
                    },
                    {
                      "k": "has_issues",
                      "v": true
                    },
                    {
                      "k": "has_pages",
                      "v": false
                    },
                    {
                      "k": "has_projects",
                      "v": true
                    },
                    {
                      "k": "has_wiki",
                      "v": true
                    },
                    {
                      "k": "homepage",
                      "v": null
                    },
                    {
                      "k": "hooks_url",
                      "v": "https://api.github.com/repos/ruthmira-1risjc/Docusaurus-1r1sjc/hooks"
                    },
                    {
                      "k": "html_url",
                      "v": "https://github.com/ruthmira-1risjc/Docusaurus-1r1sjc"
                    },
                    {
                      "k": "id",
                      "v": 751519949.0
                    },
                    {
                      "k": "is_template",
                      "v": false
                    },
                    {
                      "k": "issue_comment_url",
                      "v": "https://api.github.com/repos/ruthmira-1risjc/Docusaurus-1r1sjc/issues/comments{/number}"
                    },
                    {
                      "k": "issue_events_url",
                      "v": "https://api.github.com/repos/ruthmira-1risjc/Docusaurus-1r1sjc/issues/events{/number}"
                    },
                    {
                      "k": "issues_url",
                      "v": "https://api.github.com/repos/ruthmira-1risjc/Docusaurus-1r1sjc/issues{/number}"
                    },
                    {
                      "k": "keys_url",
                      "v": "https://api.github.com/repos/ruthmira-1risjc/Docusaurus-1r1sjc/keys{/key_id}"
                    },
                    {
                      "k": "labels_url",
                      "v": "https://api.github.com/repos/ruthmira-1risjc/Docusaurus-1r1sjc/labels{/name}"
                    },
                    {
                      "k": "language",
                      "v": "JavaScript"
                    },
                    {
                      "k": "languages_url",
                      "v": "https://api.github.com/repos/ruthmira-1risjc/Docusaurus-1r1sjc/languages"
                    },
                    {
                      "k": "license",
                      "v": null
                    },
                    {
                      "k": "master_branch",
                      "v": "main"
                    },
                    {
                      "k": "merges_url",
                      "v": "https://api.github.com/repos/ruthmira-1risjc/Docusaurus-1r1sjc/merges"
                    },
                    {
                      "k": "milestones_url",
                      "v": "https://api.github.com/repos/ruthmira-1risjc/Docusaurus-1r1sjc/milestones{/number}"
                    },
                    {
                      "k": "mirror_url",
                      "v": null
                    },
                    {
                      "k": "name",
                      "v": "Docusaurus-1r1sjc"
                    },
                    {
                      "k": "node_id",
                      "v": "R_kgDOLMtIzQ"
                    },
                    {
                      "k": "notifications_url",
                      "v": "https://api.github.com/repos/ruthmira-1risjc/Docusaurus-1r1sjc/notifications{?since,all,participating}"
                    },
                    {
                      "k": "open_issues",
                      "v": 0.0
                    },
                    {
                      "k": "open_issues_count",
                      "v": 0.0
                    },
                    {
                      "k": "owner",
                      "v": {
                        "t": 2,
                        "d": [
                          {
                            "k": "avatar_url",
                            "v": "https://avatars.githubusercontent.com/u/152284068?v=4"
                          },
                          {
                            "k": "email",
                            "v": "152284068+ruthmira-1risjc@users.noreply.github.com"
                          },
                          {
                            "k": "events_url",
                            "v": "https://api.github.com/users/ruthmira-1risjc/events{/privacy}"
                          },
                          {
                            "k": "followers_url",
                            "v": "https://api.github.com/users/ruthmira-1risjc/followers"
                          },
                          {
                            "k": "following_url",
                            "v": "https://api.github.com/users/ruthmira-1risjc/following{/other_user}"
                          },
                          {
                            "k": "gists_url",
                            "v": "https://api.github.com/users/ruthmira-1risjc/gists{/gist_id}"
                          },
                          {
                            "k": "gravatar_id",
                            "v": ""
                          },
                          {
                            "k": "html_url",
                            "v": "https://github.com/ruthmira-1risjc"
                          },
                          {
                            "k": "id",
                            "v": 152284068.0
                          },
                          {
                            "k": "login",
                            "v": "ruthmira-1risjc"
                          },
                          {
                            "k": "name",
                            "v": "ruthmira-1risjc"
                          },
                          {
                            "k": "node_id",
                            "v": "U_kgDOCROrpA"
                          },
                          {
                            "k": "organizations_url",
                            "v": "https://api.github.com/users/ruthmira-1risjc/orgs"
                          },
                          {
                            "k": "received_events_url",
                            "v": "https://api.github.com/users/ruthmira-1risjc/received_events"
                          },
                          {
                            "k": "repos_url",
                            "v": "https://api.github.com/users/ruthmira-1risjc/repos"
                          },
                          {
                            "k": "site_admin",
                            "v": false
                          },
                          {
                            "k": "starred_url",
                            "v": "https://api.github.com/users/ruthmira-1risjc/starred{/owner}{/repo}"
                          },
                          {
                            "k": "subscriptions_url",
                            "v": "https://api.github.com/users/ruthmira-1risjc/subscriptions"
                          },
                          {
                            "k": "type",
                            "v": "User"
                          },
                          {
                            "k": "url",
                            "v": "https://api.github.com/users/ruthmira-1risjc"
                          }
                        ]
                      }
                    },
                    {
                      "k": "private",
                      "v": false
                    },
                    {
                      "k": "pulls_url",
                      "v": "https://api.github.com/repos/ruthmira-1risjc/Docusaurus-1r1sjc/pulls{/number}"
                    },
                    {
                      "k": "pushed_at",
                      "v": 1707245100.0
                    },
                    {
                      "k": "releases_url",
                      "v": "https://api.github.com/repos/ruthmira-1risjc/Docusaurus-1r1sjc/releases{/id}"
                    },
                    {
                      "k": "size",
                      "v": 260.0
                    },
                    {
                      "k": "ssh_url",
                      "v": "git@github.com:ruthmira-1risjc/Docusaurus-1r1sjc.git"
                    },
                    {
                      "k": "stargazers",
                      "v": 0.0
                    },
                    {
                      "k": "stargazers_count",
                      "v": 0.0
                    },
                    {
                      "k": "stargazers_url",
                      "v": "https://api.github.com/repos/ruthmira-1risjc/Docusaurus-1r1sjc/stargazers"
                    },
                    {
                      "k": "statuses_url",
                      "v": "https://api.github.com/repos/ruthmira-1risjc/Docusaurus-1r1sjc/statuses/{sha}"
                    },
                    {
                      "k": "subscribers_url",
                      "v": "https://api.github.com/repos/ruthmira-1risjc/Docusaurus-1r1sjc/subscribers"
                    },
                    {
                      "k": "subscription_url",
                      "v": "https://api.github.com/repos/ruthmira-1risjc/Docusaurus-1r1sjc/subscription"
                    },
                    {
                      "k": "svn_url",
                      "v": "https://github.com/ruthmira-1risjc/Docusaurus-1r1sjc"
                    },
                    {
                      "k": "tags_url",
                      "v": "https://api.github.com/repos/ruthmira-1risjc/Docusaurus-1r1sjc/tags"
                    },
                    {
                      "k": "teams_url",
                      "v": "https://api.github.com/repos/ruthmira-1risjc/Docusaurus-1r1sjc/teams"
                    },
                    {
                      "k": "topics",
                      "v": {
                        "t": 1
                      }
                    },
                    {
                      "k": "trees_url",
                      "v": "https://api.github.com/repos/ruthmira-1risjc/Docusaurus-1r1sjc/git/trees{/sha}"
                    },
                    {
                      "k": "updated_at",
                      "v": "2024-02-02T11:38:20Z"
                    },
                    {
                      "k": "url",
                      "v": "https://github.com/ruthmira-1risjc/Docusaurus-1r1sjc"
                    },
                    {
                      "k": "visibility",
                      "v": "public"
                    },
                    {
                      "k": "watchers",
                      "v": 0.0
                    },
                    {
                      "k": "watchers_count",
                      "v": 0.0
                    },
                    {
                      "k": "web_commit_signoff_required",
                      "v": false
                    }
                  ]
                }
              },
              {
                "k": "sender",
                "v": {
                  "t": 2,
                  "d": [
                    {
                      "k": "avatar_url",
                      "v": "https://avatars.githubusercontent.com/u/152284068?v=4"
                    },
                    {
                      "k": "events_url",
                      "v": "https://api.github.com/users/ruthmira-1risjc/events{/privacy}"
                    },
                    {
                      "k": "followers_url",
                      "v": "https://api.github.com/users/ruthmira-1risjc/followers"
                    },
                    {
                      "k": "following_url",
                      "v": "https://api.github.com/users/ruthmira-1risjc/following{/other_user}"
                    },
                    {
                      "k": "gists_url",
                      "v": "https://api.github.com/users/ruthmira-1risjc/gists{/gist_id}"
                    },
                    {
                      "k": "gravatar_id",
                      "v": ""
                    },
                    {
                      "k": "html_url",
                      "v": "https://github.com/ruthmira-1risjc"
                    },
                    {
                      "k": "id",
                      "v": 152284068.0
                    },
                    {
                      "k": "login",
                      "v": "ruthmira-1risjc"
                    },
                    {
                      "k": "node_id",
                      "v": "U_kgDOCROrpA"
                    },
                    {
                      "k": "organizations_url",
                      "v": "https://api.github.com/users/ruthmira-1risjc/orgs"
                    },
                    {
                      "k": "received_events_url",
                      "v": "https://api.github.com/users/ruthmira-1risjc/received_events"
                    },
                    {
                      "k": "repos_url",
                      "v": "https://api.github.com/users/ruthmira-1risjc/repos"
                    },
                    {
                      "k": "site_admin",
                      "v": false
                    },
                    {
                      "k": "starred_url",
                      "v": "https://api.github.com/users/ruthmira-1risjc/starred{/owner}{/repo}"
                    },
                    {
                      "k": "subscriptions_url",
                      "v": "https://api.github.com/users/ruthmira-1risjc/subscriptions"
                    },
                    {
                      "k": "type",
                      "v": "User"
                    },
                    {
                      "k": "url",
                      "v": "https://api.github.com/users/ruthmira-1risjc"
                    }
                  ]
                }
              }
            ]
          }
        },
        {
          "k": "server_url",
          "v": "https://github.com"
        },
        {
          "k": "api_url",
          "v": "https://api.github.com"
        },
        {
          "k": "graphql_url",
          "v": "https://api.github.com/graphql"
        },
        {
          "k": "ref_name",
          "v": "main"
        },
        {
          "k": "ref_protected",
          "v": false
        },
        {
          "k": "ref_type",
          "v": "branch"
        },
        {
          "k": "secret_source",
          "v": "Actions"
        },
        {
          "k": "workflow_ref",
          "v": "ruthmira-1risjc/Docusaurus-1r1sjc/.github/workflows/python-app.yml@refs/heads/main"
        },
        {
          "k": "workflow_sha",
          "v": "e7cac634cd5bf7e87de0767e8d55952f396d53d2"
        }
      ]
    },
    "run-feature-flags": {
      "t": 2,
      "d": [
        {
          "k": "actions_stream_logs_via_results_service",
          "v": true
        },
        {
          "k": "actions_use_results_service",
          "v": true
        }
      ]
    },
    "partialrerun": false,
    "needs": {
      "t": 2
    },
    "vars": null,
    "inputs": {
      "t": 2
    },
    "matrix": null,
    "strategy": {
      "t": 2,
      "d": [
        {
          "k": "fail-fast",
          "v": true
        },
        {
          "k": "job-index",
          "v": 0.0
        },
        {
          "k": "job-total",
          "v": 1.0
        },
        {
          "k": "max-parallel",
          "v": 1.0
        }
      ]
    },
    "EndpointsOverride": null
  }
}
[2024-02-07 11:52:22Z INFO JobRunner] Job ID ca395085-040a-526b-2ce8-bdc85f692774
[2024-02-07 11:52:22Z INFO JobRunner] Creating job server with URL: https://pipelinesghubeus25.actions.githubusercontent.com/nbX0GPznmMAyw9n07ciobAmRR2gYdwqMzr6aBkg4R4L6Sae553/
[2024-02-07 11:52:22Z INFO ConfigurationStore] currentAssemblyLocation: C:\Users\ruth.silva\Desktop\Docusaurus-1r1sjc\actions-runner\bin\Runner.Worker.dll
[2024-02-07 11:52:22Z INFO HostContext] Well known directory 'Bin': 'C:\Users\ruth.silva\Desktop\Docusaurus-1r1sjc\actions-runner\bin'
[2024-02-07 11:52:22Z INFO ConfigurationStore] binPath: C:\Users\ruth.silva\Desktop\Docusaurus-1r1sjc\actions-runner\bin
[2024-02-07 11:52:22Z INFO HostContext] Well known directory 'Bin': 'C:\Users\ruth.silva\Desktop\Docusaurus-1r1sjc\actions-runner\bin'
[2024-02-07 11:52:22Z INFO HostContext] Well known directory 'Root': 'C:\Users\ruth.silva\Desktop\Docusaurus-1r1sjc\actions-runner'
[2024-02-07 11:52:22Z INFO ConfigurationStore] RootFolder: C:\Users\ruth.silva\Desktop\Docusaurus-1r1sjc\actions-runner
[2024-02-07 11:52:22Z INFO HostContext] Well known directory 'Bin': 'C:\Users\ruth.silva\Desktop\Docusaurus-1r1sjc\actions-runner\bin'
[2024-02-07 11:52:22Z INFO HostContext] Well known directory 'Root': 'C:\Users\ruth.silva\Desktop\Docusaurus-1r1sjc\actions-runner'
[2024-02-07 11:52:22Z INFO HostContext] Well known config file 'Runner': 'C:\Users\ruth.silva\Desktop\Docusaurus-1r1sjc\actions-runner\.runner'
[2024-02-07 11:52:22Z INFO ConfigurationStore] ConfigFilePath: C:\Users\ruth.silva\Desktop\Docusaurus-1r1sjc\actions-runner\.runner
[2024-02-07 11:52:22Z INFO HostContext] Well known directory 'Bin': 'C:\Users\ruth.silva\Desktop\Docusaurus-1r1sjc\actions-runner\bin'
[2024-02-07 11:52:22Z INFO HostContext] Well known directory 'Root': 'C:\Users\ruth.silva\Desktop\Docusaurus-1r1sjc\actions-runner'
[2024-02-07 11:52:22Z INFO HostContext] Well known config file 'Credentials': 'C:\Users\ruth.silva\Desktop\Docusaurus-1r1sjc\actions-runner\.credentials'
[2024-02-07 11:52:22Z INFO ConfigurationStore] CredFilePath: C:\Users\ruth.silva\Desktop\Docusaurus-1r1sjc\actions-runner\.credentials
[2024-02-07 11:52:22Z INFO HostContext] Well known directory 'Bin': 'C:\Users\ruth.silva\Desktop\Docusaurus-1r1sjc\actions-runner\bin'
[2024-02-07 11:52:22Z INFO HostContext] Well known directory 'Root': 'C:\Users\ruth.silva\Desktop\Docusaurus-1r1sjc\actions-runner'
[2024-02-07 11:52:22Z INFO HostContext] Well known config file 'MigratedCredentials': 'C:\Users\ruth.silva\Desktop\Docusaurus-1r1sjc\actions-runner\.credentials_migrated'
[2024-02-07 11:52:22Z INFO ConfigurationStore] MigratedCredFilePath: C:\Users\ruth.silva\Desktop\Docusaurus-1r1sjc\actions-runner\.credentials_migrated
[2024-02-07 11:52:22Z INFO HostContext] Well known directory 'Bin': 'C:\Users\ruth.silva\Desktop\Docusaurus-1r1sjc\actions-runner\bin'
[2024-02-07 11:52:22Z INFO HostContext] Well known directory 'Root': 'C:\Users\ruth.silva\Desktop\Docusaurus-1r1sjc\actions-runner'
[2024-02-07 11:52:22Z INFO HostContext] Well known config file 'Service': 'C:\Users\ruth.silva\Desktop\Docusaurus-1r1sjc\actions-runner\.service'
[2024-02-07 11:52:22Z INFO ConfigurationStore] ServiceConfigFilePath: C:\Users\ruth.silva\Desktop\Docusaurus-1r1sjc\actions-runner\.service
[2024-02-07 11:52:22Z INFO ConfigurationStore] Read setting file: 317 chars
[2024-02-07 11:52:22Z INFO GitHubActionsService] Starting operation Location.GetConnectionData
[2024-02-07 11:52:22Z INFO Worker] Listening for cancel message from the channel.
[2024-02-07 11:52:22Z INFO Worker] Waiting for the job to complete or for a cancel message from the channel.
[2024-02-07 11:52:22Z INFO GitHubActionsService] Finished operation Location.GetConnectionData
[2024-02-07 11:52:22Z INFO JobServer] Creating websocket client ...wss://results-receiver.actions.githubusercontent.com/_ws/ingest.sock
[2024-02-07 11:52:22Z INFO JobServer] Attempting to start websocket client with delay 00:00:00.
[2024-02-07 11:52:22Z INFO JobServerQueue] Initializing results client
[2024-02-07 11:52:22Z INFO JobServerQueue] Start process web console line queue.
[2024-02-07 11:52:22Z INFO JobServerQueue] Start process file upload queue.
[2024-02-07 11:52:22Z INFO JobServerQueue] Start results file upload queue.
[2024-02-07 11:52:22Z INFO JobServerQueue] Starting results-based upload queue...
[2024-02-07 11:52:22Z INFO JobServerQueue] Start process timeline update queue.
[2024-02-07 11:52:22Z INFO ExecutionContext] Initialize GitHub context
[2024-02-07 11:52:22Z INFO ExecutionContext] Initialize Env context
[2024-02-07 11:52:22Z INFO HostContext] Well known directory 'Bin': 'C:\Users\ruth.silva\Desktop\Docusaurus-1r1sjc\actions-runner\bin'
[2024-02-07 11:52:22Z INFO HostContext] Well known directory 'Root': 'C:\Users\ruth.silva\Desktop\Docusaurus-1r1sjc\actions-runner'
[2024-02-07 11:52:22Z INFO HostContext] Well known directory 'Diag': 'C:\Users\ruth.silva\Desktop\Docusaurus-1r1sjc\actions-runner\_diag'
[2024-02-07 11:52:22Z INFO HostContext] Well known directory 'Bin': 'C:\Users\ruth.silva\Desktop\Docusaurus-1r1sjc\actions-runner\bin'
[2024-02-07 11:52:22Z INFO HostContext] Well known directory 'Root': 'C:\Users\ruth.silva\Desktop\Docusaurus-1r1sjc\actions-runner'
[2024-02-07 11:52:22Z INFO HostContext] Well known directory 'Diag': 'C:\Users\ruth.silva\Desktop\Docusaurus-1r1sjc\actions-runner\_diag'
[2024-02-07 11:52:22Z INFO JobRunner] Starting the job execution context.
[2024-02-07 11:52:22Z INFO HostContext] Well known directory 'Bin': 'C:\Users\ruth.silva\Desktop\Docusaurus-1r1sjc\actions-runner\bin'
[2024-02-07 11:52:22Z INFO HostContext] Well known directory 'Root': 'C:\Users\ruth.silva\Desktop\Docusaurus-1r1sjc\actions-runner'
[2024-02-07 11:52:22Z INFO HostContext] Well known directory 'Work': 'C:\Users\ruth.silva\Desktop\Docusaurus-1r1sjc\actions-runner\_work'
[2024-02-07 11:52:22Z INFO JobRunner] Validating directory permissions for: 'C:\Users\ruth.silva\Desktop\Docusaurus-1r1sjc\actions-runner\_work'
[2024-02-07 11:52:22Z INFO HostContext] Well known directory 'Bin': 'C:\Users\ruth.silva\Desktop\Docusaurus-1r1sjc\actions-runner\bin'
[2024-02-07 11:52:22Z INFO HostContext] Well known directory 'Root': 'C:\Users\ruth.silva\Desktop\Docusaurus-1r1sjc\actions-runner'
[2024-02-07 11:52:22Z INFO HostContext] Well known directory 'Work': 'C:\Users\ruth.silva\Desktop\Docusaurus-1r1sjc\actions-runner\_work'
[2024-02-07 11:52:22Z INFO HostContext] Well known directory 'Tools': 'C:\Users\ruth.silva\Desktop\Docusaurus-1r1sjc\actions-runner\_work\_tool'
[2024-02-07 11:52:22Z INFO HostContext] Well known directory 'Bin': 'C:\Users\ruth.silva\Desktop\Docusaurus-1r1sjc\actions-runner\bin'
[2024-02-07 11:52:22Z INFO HostContext] Well known directory 'Root': 'C:\Users\ruth.silva\Desktop\Docusaurus-1r1sjc\actions-runner'
[2024-02-07 11:52:22Z INFO HostContext] Well known directory 'Work': 'C:\Users\ruth.silva\Desktop\Docusaurus-1r1sjc\actions-runner\_work'
[2024-02-07 11:52:22Z INFO HostContext] Well known directory 'Temp': 'C:\Users\ruth.silva\Desktop\Docusaurus-1r1sjc\actions-runner\_work\_temp'
[2024-02-07 11:52:22Z INFO JobRunner] Getting job extension.
[2024-02-07 11:52:22Z INFO JobRunner] Initialize job. Getting all job steps.
[2024-02-07 11:52:22Z INFO HostContext] Well known directory 'Bin': 'C:\Users\ruth.silva\Desktop\Docusaurus-1r1sjc\actions-runner\bin'
[2024-02-07 11:52:22Z INFO HostContext] Well known directory 'Root': 'C:\Users\ruth.silva\Desktop\Docusaurus-1r1sjc\actions-runner'
[2024-02-07 11:52:22Z INFO HostContext] Well known directory 'Diag': 'C:\Users\ruth.silva\Desktop\Docusaurus-1r1sjc\actions-runner\_diag'
[2024-02-07 11:52:22Z INFO HostContext] Well known directory 'Bin': 'C:\Users\ruth.silva\Desktop\Docusaurus-1r1sjc\actions-runner\bin'
[2024-02-07 11:52:22Z INFO HostContext] Well known directory 'Root': 'C:\Users\ruth.silva\Desktop\Docusaurus-1r1sjc\actions-runner'
[2024-02-07 11:52:22Z INFO HostContext] Well known directory 'Diag': 'C:\Users\ruth.silva\Desktop\Docusaurus-1r1sjc\actions-runner\_diag'
[2024-02-07 11:52:22Z INFO HostContext] Well known directory 'Bin': 'C:\Users\ruth.silva\Desktop\Docusaurus-1r1sjc\actions-runner\bin'
[2024-02-07 11:52:22Z INFO HostContext] Well known directory 'Root': 'C:\Users\ruth.silva\Desktop\Docusaurus-1r1sjc\actions-runner'
[2024-02-07 11:52:22Z INFO HostContext] Well known config file 'Credentials': 'C:\Users\ruth.silva\Desktop\Docusaurus-1r1sjc\actions-runner\.credentials'
[2024-02-07 11:52:22Z INFO HostContext] Well known directory 'Bin': 'C:\Users\ruth.silva\Desktop\Docusaurus-1r1sjc\actions-runner\bin'
[2024-02-07 11:52:22Z INFO HostContext] Well known directory 'Root': 'C:\Users\ruth.silva\Desktop\Docusaurus-1r1sjc\actions-runner'
[2024-02-07 11:52:22Z INFO HostContext] Well known config file 'SetupInfo': 'C:\Users\ruth.silva\Desktop\Docusaurus-1r1sjc\actions-runner\.setup_info'
[2024-02-07 11:52:22Z INFO HostContext] Well known directory 'Bin': 'C:\Users\ruth.silva\Desktop\Docusaurus-1r1sjc\actions-runner\bin'
[2024-02-07 11:52:22Z INFO HostContext] Well known directory 'Root': 'C:\Users\ruth.silva\Desktop\Docusaurus-1r1sjc\actions-runner'
[2024-02-07 11:52:22Z INFO HostContext] Well known directory 'Work': 'C:\Users\ruth.silva\Desktop\Docusaurus-1r1sjc\actions-runner\_work'
[2024-02-07 11:52:22Z INFO PipelineDirectoryManager] Loading tracking config if exists: C:\Users\ruth.silva\Desktop\Docusaurus-1r1sjc\actions-runner\_work\_PipelineMapping\ruthmira-1risjc/Docusaurus-1r1sjc\PipelineFolder.json
[2024-02-07 11:52:22Z INFO PipelineDirectoryManager] Creating a new tracking config file.
[2024-02-07 11:52:22Z INFO HostContext] Well known directory 'Bin': 'C:\Users\ruth.silva\Desktop\Docusaurus-1r1sjc\actions-runner\bin'
[2024-02-07 11:52:22Z INFO HostContext] Well known directory 'Root': 'C:\Users\ruth.silva\Desktop\Docusaurus-1r1sjc\actions-runner'
[2024-02-07 11:52:22Z INFO HostContext] Well known directory 'Work': 'C:\Users\ruth.silva\Desktop\Docusaurus-1r1sjc\actions-runner\_work'
[2024-02-07 11:52:22Z INFO PipelineDirectoryManager] Creating pipeline directory.
[2024-02-07 11:52:22Z INFO HostContext] Well known directory 'Bin': 'C:\Users\ruth.silva\Desktop\Docusaurus-1r1sjc\actions-runner\bin'
[2024-02-07 11:52:22Z INFO HostContext] Well known directory 'Root': 'C:\Users\ruth.silva\Desktop\Docusaurus-1r1sjc\actions-runner'
[2024-02-07 11:52:22Z INFO HostContext] Well known directory 'Work': 'C:\Users\ruth.silva\Desktop\Docusaurus-1r1sjc\actions-runner\_work'
[2024-02-07 11:52:22Z INFO PipelineDirectoryManager] Creating workspace directory.
[2024-02-07 11:52:22Z INFO HostContext] Well known directory 'Bin': 'C:\Users\ruth.silva\Desktop\Docusaurus-1r1sjc\actions-runner\bin'
[2024-02-07 11:52:22Z INFO HostContext] Well known directory 'Root': 'C:\Users\ruth.silva\Desktop\Docusaurus-1r1sjc\actions-runner'
[2024-02-07 11:52:22Z INFO HostContext] Well known directory 'Work': 'C:\Users\ruth.silva\Desktop\Docusaurus-1r1sjc\actions-runner\_work'
[2024-02-07 11:52:23Z INFO JobExtension] Downloading actions
[2024-02-07 11:52:23Z INFO HostContext] Well known directory 'Bin': 'C:\Users\ruth.silva\Desktop\Docusaurus-1r1sjc\actions-runner\bin'
[2024-02-07 11:52:23Z INFO HostContext] Well known directory 'Root': 'C:\Users\ruth.silva\Desktop\Docusaurus-1r1sjc\actions-runner'
[2024-02-07 11:52:23Z INFO HostContext] Well known directory 'Work': 'C:\Users\ruth.silva\Desktop\Docusaurus-1r1sjc\actions-runner\_work'
[2024-02-07 11:52:23Z INFO HostContext] Well known directory 'Actions': 'C:\Users\ruth.silva\Desktop\Docusaurus-1r1sjc\actions-runner\_work\_actions'
[2024-02-07 11:52:23Z INFO HostContext] Well known directory 'Bin': 'C:\Users\ruth.silva\Desktop\Docusaurus-1r1sjc\actions-runner\bin'
[2024-02-07 11:52:23Z INFO HostContext] Well known directory 'Root': 'C:\Users\ruth.silva\Desktop\Docusaurus-1r1sjc\actions-runner'
[2024-02-07 11:52:23Z INFO HostContext] Well known directory 'Work': 'C:\Users\ruth.silva\Desktop\Docusaurus-1r1sjc\actions-runner\_work'
[2024-02-07 11:52:23Z INFO HostContext] Well known directory 'Actions': 'C:\Users\ruth.silva\Desktop\Docusaurus-1r1sjc\actions-runner\_work\_actions'
[2024-02-07 11:52:23Z INFO HostContext] Well known directory 'Bin': 'C:\Users\ruth.silva\Desktop\Docusaurus-1r1sjc\actions-runner\bin'
[2024-02-07 11:52:23Z INFO HostContext] Well known directory 'Root': 'C:\Users\ruth.silva\Desktop\Docusaurus-1r1sjc\actions-runner'
[2024-02-07 11:52:23Z INFO HostContext] Well known directory 'Work': 'C:\Users\ruth.silva\Desktop\Docusaurus-1r1sjc\actions-runner\_work'
[2024-02-07 11:52:23Z INFO HostContext] Well known directory 'Actions': 'C:\Users\ruth.silva\Desktop\Docusaurus-1r1sjc\actions-runner\_work\_actions'
[2024-02-07 11:52:23Z INFO JobServer] Successfully started websocket client.
[2024-02-07 11:52:23Z INFO ActionManager] Save archive 'https://api.github.com/repos/actions/checkout/zipball/f43a0e5ff2bd294095638e18286ca9a3d1956744' into C:\Users\ruth.silva\Desktop\Docusaurus-1r1sjc\actions-runner\_work\_actions\_temp_4128a8b2-1243-4abc-b303-fea75895774c\8024456f-acc2-4198-a83b-47390b9936ab.zip.
[2024-02-07 11:52:23Z INFO JobServerQueue] Try to append 1 batches web console lines for record '334511b9-a347-4fc1-9fbd-522068751058', success rate: 1/1.
[2024-02-07 11:52:23Z INFO JobServerQueue] Try to append 1 batches web console lines for record '334511b9-a347-4fc1-9fbd-522068751058', success rate: 1/1.
